Determining if the pthread_create exist failed with the following output:
Change Dir: /home/mckilme/slambook2/MYNT-EYE-D-SDK-master/samples/_build/CMakeFiles/CMakeTmp

Run Build Command:"make" "cmTC_e91ba/fast"
make[1]: 进入目录“/home/mckilme/slambook2/MYNT-EYE-D-SDK-master/samples/_build/CMakeFiles/CMakeTmp”
make -f CMakeFiles/cmTC_e91ba.dir/build.make CMakeFiles/cmTC_e91ba.dir/build
make[2]: 进入目录“/home/mckilme/slambook2/MYNT-EYE-D-SDK-master/samples/_build/CMakeFiles/CMakeTmp”
Building C object CMakeFiles/cmTC_e91ba.dir/CheckSymbolExists.c.o
/usr/bin/cc    -o CMakeFiles/cmTC_e91ba.dir/CheckSymbolExists.c.o   -c /home/mckilme/slambook2/MYNT-EYE-D-SDK-master/samples/_build/CMakeFiles/CMakeTmp/CheckSymbolExists.c
Linking C executable cmTC_e91ba
/usr/bin/cmake -E cmake_link_script CMakeFiles/cmTC_e91ba.dir/link.txt --verbose=1
/usr/bin/cc      -rdynamic CMakeFiles/cmTC_e91ba.dir/CheckSymbolExists.c.o  -o cmTC_e91ba 
CMakeFiles/cmTC_e91ba.dir/CheckSymbolExists.c.o：在函数‘main’中：
CheckSymbolExists.c:(.text+0x1b)：对‘pthread_create’未定义的引用
collect2: error: ld returned 1 exit status
CMakeFiles/cmTC_e91ba.dir/build.make:97: recipe for target 'cmTC_e91ba' failed
make[2]: *** [cmTC_e91ba] Error 1
make[2]: 离开目录“/home/mckilme/slambook2/MYNT-EYE-D-SDK-master/samples/_build/CMakeFiles/CMakeTmp”
Makefile:126: recipe for target 'cmTC_e91ba/fast' failed
make[1]: *** [cmTC_e91ba/fast] Error 2
make[1]: 离开目录“/home/mckilme/slambook2/MYNT-EYE-D-SDK-master/samples/_build/CMakeFiles/CMakeTmp”

File /home/mckilme/slambook2/MYNT-EYE-D-SDK-master/samples/_build/CMakeFiles/CMakeTmp/CheckSymbolExists.c:
/* */
#include <pthread.h>

int main(int argc, char** argv)
{
  (void)argv;
#ifndef pthread_create
  return ((int*)(&pthread_create))[argc];
#else
  (void)argc;
  return 0;
#endif
}

Determining if the function pthread_create exists in the pthreads failed with the following output:
Change Dir: /home/mckilme/slambook2/MYNT-EYE-D-SDK-master/samples/_build/CMakeFiles/CMakeTmp

Run Build Command:"make" "cmTC_15a8b/fast"
make[1]: 进入目录“/home/mckilme/slambook2/MYNT-EYE-D-SDK-master/samples/_build/CMakeFiles/CMakeTmp”
make -f CMakeFiles/cmTC_15a8b.dir/build.make CMakeFiles/cmTC_15a8b.dir/build
make[2]: 进入目录“/home/mckilme/slambook2/MYNT-EYE-D-SDK-master/samples/_build/CMakeFiles/CMakeTmp”
Building C object CMakeFiles/cmTC_15a8b.dir/CheckFunctionExists.c.o
/usr/bin/cc   -DCHECK_FUNCTION_EXISTS=pthread_create   -o CMakeFiles/cmTC_15a8b.dir/CheckFunctionExists.c.o   -c /usr/share/cmake-3.10/Modules/CheckFunctionExists.c
Linking C executable cmTC_15a8b
/usr/bin/cmake -E cmake_link_script CMakeFiles/cmTC_15a8b.dir/link.txt --verbose=1
/usr/bin/cc  -DCHECK_FUNCTION_EXISTS=pthread_create    -rdynamic CMakeFiles/cmTC_15a8b.dir/CheckFunctionExists.c.o  -o cmTC_15a8b -lpthreads 
/usr/bin/ld: 找不到 -lpthreads
collect2: error: ld returned 1 exit status
CMakeFiles/cmTC_15a8b.dir/build.make:97: recipe for target 'cmTC_15a8b' failed
make[2]: *** [cmTC_15a8b] Error 1
make[2]: 离开目录“/home/mckilme/slambook2/MYNT-EYE-D-SDK-master/samples/_build/CMakeFiles/CMakeTmp”
Makefile:126: recipe for target 'cmTC_15a8b/fast' failed
make[1]: *** [cmTC_15a8b/fast] Error 2
make[1]: 离开目录“/home/mckilme/slambook2/MYNT-EYE-D-SDK-master/samples/_build/CMakeFiles/CMakeTmp”


